<?xml version="1.0" encoding="UTF-8"?>
<testng-results skipped="0" failed="0" ignored="0" total="1" passed="1">
  <reporter-output>
  </reporter-output>
  <suite name="Default suite" duration-ms="81" started-at="2020-06-01T12:09:18 IST" finished-at="2020-06-01T12:09:18 IST">
    <groups>
    </groups>
    <test name="Default test" duration-ms="81" started-at="2020-06-01T12:09:18 IST" finished-at="2020-06-01T12:09:18 IST">
      <class name="demoselenium.Jenkinssleniumdemo">
        <test-method status="PASS" signature="testjenkins()[pri:0, instance:demoselenium.Jenkinssleniumdemo@6ebc05a6]" name="testjenkins" duration-ms="12" started-at="2020-06-01T12:09:18 IST" finished-at="2020-06-01T12:09:18 IST">
          <reporter-output>
          </reporter-output>
        </test-method> <!-- testjenkins -->
      </class> <!-- demoselenium.Jenkinssleniumdemo -->
    </test> <!-- Default test -->
  </suite> <!-- Default suite -->
</testng-results>
