<?xml version="1.0" encoding="UTF-8"?>
<testng-results skipped="0" failed="0" ignored="0" total="1" passed="1">
  <reporter-output>
  </reporter-output>
  <suite name="Suite" duration-ms="104" started-at="2020-05-29T18:21:44 IST" finished-at="2020-05-29T18:21:44 IST">
    <groups>
    </groups>
    <test name="Test" duration-ms="104" started-at="2020-05-29T18:21:44 IST" finished-at="2020-05-29T18:21:44 IST">
      <class name="DemoJenkins.DemoJenkinsClass">
        <test-method status="PASS" signature="testjenkins()[pri:0, instance:DemoJenkins.DemoJenkinsClass@3e9b1010]" name="testjenkins" duration-ms="17" started-at="2020-05-29T18:21:44 IST" finished-at="2020-05-29T18:21:44 IST">
          <reporter-output>
          </reporter-output>
        </test-method> <!-- testjenkins -->
      </class> <!-- DemoJenkins.DemoJenkinsClass -->
    </test> <!-- Test -->
  </suite> <!-- Suite -->
</testng-results>
